# JRE version: OpenJDK Runtime Environment Corretto-11.0.10.9.1 (11.0.10+9) (build 11.0.10+9-LTS)
# Java VM: OpenJDK 64-Bit Server VM Corretto-11.0.10.9.1 (11.0.10+9-LTS, mixed mode, tiered, compressed oops, parallel gc, windows-amd64)
Heap:
 PSYoungGen      total 23552K, used 17589K [0x00000000eab00000, 0x00000000ec880000, 0x0000000100000000)
  eden space 22016K, 75% used [0x00000000eab00000,0x00000000ebb25520,0x00000000ec080000)
  from space 1536K, 68% used [0x00000000ec100000,0x00000000ec208000,0x00000000ec280000)
  to   space 3072K, 0% used [0x00000000ec580000,0x00000000ec580000,0x00000000ec880000)
 ParOldGen       total 68608K, used 27965K [0x00000000c0000000, 0x00000000c4300000, 0x00000000eab00000)
  object space 68608K, 40% used [0x00000000c0000000,0x00000000c1b4f618,0x00000000c4300000)
 Metaspace       used 42129K, capacity 44571K, committed 44672K, reserved 1089536K
  class space    used 4409K, capacity 5232K, committed 5248K, reserved 1048576K
GC Heap History (20 events):
Event: 1.127 GC heap before
{Heap before GC invocations=4 (full 1):
 PSYoungGen      total 29696K, used 25600K [0x00000000eab00000, 0x00000000ecc00000, 0x0000000100000000)
  eden space 25600K, 100% used [0x00000000eab00000,0x00000000ec400000,0x00000000ec400000)
  from space 4096K, 0% used [0x00000000ec800000,0x00000000ec800000,0x00000000ecc00000)
  to   space 4096K, 0% used [0x00000000ec400000,0x00000000ec400000,0x00000000ec800000)
 ParOldGen       total 68608K, used 6569K [0x00000000c0000000, 0x00000000c4300000, 0x00000000eab00000)
  object space 68608K, 9% used [0x00000000c0000000,0x00000000c066a660,0x00000000c4300000)
 Metaspace       used 25637K, capacity 27152K, committed 27392K, reserved 1073152K
  class space    used 2410K, capacity 2954K, committed 3072K, reserved 1048576K
}
Event: 1.138 GC heap after
{Heap after GC invocations=4 (full 1):
 PSYoungGen      total 29696K, used 3843K [0x00000000eab00000, 0x00000000ecc00000, 0x0000000100000000)
  eden space 25600K, 0% used [0x00000000eab00000,0x00000000eab00000,0x00000000ec400000)
  from space 4096K, 93% used [0x00000000ec400000,0x00000000ec7c0f70,0x00000000ec800000)
  to   space 4096K, 0% used [0x00000000ec800000,0x00000000ec800000,0x00000000ecc00000)
 ParOldGen       total 68608K, used 6585K [0x00000000c0000000, 0x00000000c4300000, 0x00000000eab00000)
  object space 68608K, 9% used [0x00000000c0000000,0x00000000c066e678,0x00000000c4300000)
 Metaspace       used 25637K, capacity 27152K, committed 27392K, reserved 1073152K
  class space    used 2410K, capacity 2954K, committed 3072K, reserved 1048576K
}
Event: 1.496 GC heap before
{Heap before GC invocations=5 (full 1):
 PSYoungGen      total 29696K, used 27438K [0x00000000eab00000, 0x00000000ecc00000, 0x0000000100000000)
  eden space 25600K, 92% used [0x00000000eab00000,0x00000000ec20a9d0,0x00000000ec400000)
  from space 4096K, 93% used [0x00000000ec400000,0x00000000ec7c0f70,0x00000000ec800000)
  to   space 4096K, 0% used [0x00000000ec800000,0x00000000ec800000,0x00000000ecc00000)
 ParOldGen       total 68608K, used 6585K [0x00000000c0000000, 0x00000000c4300000, 0x00000000eab00000)
  object space 68608K, 9% used [0x00000000c0000000,0x00000000c066e678,0x00000000c4300000)
 Metaspace       used 32979K, capacity 35237K, committed 35328K, reserved 1081344K
  class space    used 3283K, capacity 4050K, committed 4096K, reserved 1048576K
}
Event: 1.501 GC heap after
{Heap after GC invocations=5 (full 1):
 PSYoungGen      total 29696K, used 4070K [0x00000000eab00000, 0x00000000ecc00000, 0x0000000100000000)
  eden space 25600K, 0% used [0x00000000eab00000,0x00000000eab00000,0x00000000ec400000)
  from space 4096K, 99% used [0x00000000ec800000,0x00000000ecbf9ac0,0x00000000ecc00000)
  to   space 4096K, 0% used [0x00000000ec400000,0x00000000ec400000,0x00000000ec800000)
 ParOldGen       total 68608K, used 8970K [0x00000000c0000000, 0x00000000c4300000, 0x00000000eab00000)
  object space 68608K, 13% used [0x00000000c0000000,0x00000000c08c2b18,0x00000000c4300000)
 Metaspace       used 32979K, capacity 35237K, committed 35328K, reserved 1081344K
  class space    used 3283K, capacity 4050K, committed 4096K, reserved 1048576K
}
Event: 1.501 GC heap before
{Heap before GC invocations=6 (full 2):
 PSYoungGen      total 29696K, used 4070K [0x00000000eab00000, 0x00000000ecc00000, 0x0000000100000000)
  eden space 25600K, 0% used [0x00000000eab00000,0x00000000eab00000,0x00000000ec400000)
  from space 4096K, 99% used [0x00000000ec800000,0x00000000ecbf9ac0,0x00000000ecc00000)
  to   space 4096K, 0% used [0x00000000ec400000,0x00000000ec400000,0x00000000ec800000)
 ParOldGen       total 68608K, used 8970K [0x00000000c0000000, 0x00000000c4300000, 0x00000000eab00000)
  object space 68608K, 13% used [0x00000000c0000000,0x00000000c08c2b18,0x00000000c4300000)
 Metaspace       used 32979K, capacity 35237K, committed 35328K, reserved 1081344K
  class space    used 3283K, capacity 4050K, committed 4096K, reserved 1048576K
}
Event: 1.556 GC heap after
{Heap after GC invocations=6 (full 2):
 PSYoungGen      total 29696K, used 0K [0x00000000eab00000, 0x00000000ecc00000, 0x0000000100000000)
  eden space 25600K, 0% used [0x00000000eab00000,0x00000000eab00000,0x00000000ec400000)
  from space 4096K, 0% used [0x00000000ec800000,0x00000000ec800000,0x00000000ecc00000)
  to   space 4096K, 0% used [0x00000000ec400000,0x00000000ec400000,0x00000000ec800000)
 ParOldGen       total 68608K, used 12856K [0x00000000c0000000, 0x00000000c4300000, 0x00000000eab00000)
  object space 68608K, 18% used [0x00000000c0000000,0x00000000c0c8e358,0x00000000c4300000)
 Metaspace       used 32979K, capacity 35237K, committed 35328K, reserved 1081344K
  class space    used 3283K, capacity 4050K, committed 4096K, reserved 1048576K
}
Event: 1.694 GC heap before
{Heap before GC invocations=7 (full 2):
 PSYoungGen      total 29696K, used 25600K [0x00000000eab00000, 0x00000000ecc00000, 0x0000000100000000)
  eden space 25600K, 100% used [0x00000000eab00000,0x00000000ec400000,0x00000000ec400000)
  from space 4096K, 0% used [0x00000000ec800000,0x00000000ec800000,0x00000000ecc00000)
  to   space 4096K, 0% used [0x00000000ec400000,0x00000000ec400000,0x00000000ec800000)
 ParOldGen       total 68608K, used 12856K [0x00000000c0000000, 0x00000000c4300000, 0x00000000eab00000)
  object space 68608K, 18% used [0x00000000c0000000,0x00000000c0c8e358,0x00000000c4300000)
 Metaspace       used 34849K, capacity 37127K, committed 37376K, reserved 1083392K
  class space    used 3479K, capacity 4272K, committed 4352K, reserved 1048576K
}
Event: 1.697 GC heap after
{Heap after GC invocations=7 (full 2):
 PSYoungGen      total 29184K, used 3053K [0x00000000eab00000, 0x00000000ecc80000, 0x0000000100000000)
  eden space 25088K, 0% used [0x00000000eab00000,0x00000000eab00000,0x00000000ec380000)
  from space 4096K, 74% used [0x00000000ec400000,0x00000000ec6fb608,0x00000000ec800000)
  to   space 4608K, 0% used [0x00000000ec800000,0x00000000ec800000,0x00000000ecc80000)
 ParOldGen       total 68608K, used 12864K [0x00000000c0000000, 0x00000000c4300000, 0x00000000eab00000)
  object space 68608K, 18% used [0x00000000c0000000,0x00000000c0c90358,0x00000000c4300000)
 Metaspace       used 34849K, capacity 37127K, committed 37376K, reserved 1083392K
  class space    used 3479K, capacity 4272K, committed 4352K, reserved 1048576K
}
Event: 1.734 GC heap before
{Heap before GC invocations=8 (full 2):
 PSYoungGen      total 29184K, used 28141K [0x00000000eab00000, 0x00000000ecc80000, 0x0000000100000000)
  eden space 25088K, 100% used [0x00000000eab00000,0x00000000ec380000,0x00000000ec380000)
  from space 4096K, 74% used [0x00000000ec400000,0x00000000ec6fb608,0x00000000ec800000)
  to   space 4608K, 0% used [0x00000000ec800000,0x00000000ec800000,0x00000000ecc80000)
 ParOldGen       total 68608K, used 12864K [0x00000000c0000000, 0x00000000c4300000, 0x00000000eab00000)
  object space 68608K, 18% used [0x00000000c0000000,0x00000000c0c90358,0x00000000c4300000)
 Metaspace       used 34918K, capacity 37256K, committed 37376K, reserved 1083392K
  class space    used 3481K, capacity 4272K, committed 4352K, reserved 1048576K
}
Event: 1.748 GC heap after
{Heap after GC invocations=8 (full 2):
 PSYoungGen      total 28672K, used 4589K [0x00000000eab00000, 0x00000000ece00000, 0x0000000100000000)
  eden space 24064K, 0% used [0x00000000eab00000,0x00000000eab00000,0x00000000ec280000)
  from space 4608K, 99% used [0x00000000ec800000,0x00000000ecc7b608,0x00000000ecc80000)
  to   space 5632K, 0% used [0x00000000ec280000,0x00000000ec280000,0x00000000ec800000)
 ParOldGen       total 68608K, used 13456K [0x00000000c0000000, 0x00000000c4300000, 0x00000000eab00000)
  object space 68608K, 19% used [0x00000000c0000000,0x00000000c0d24358,0x00000000c4300000)
 Metaspace       used 34918K, capacity 37256K, committed 37376K, reserved 1083392K
  class space    used 3481K, capacity 4272K, committed 4352K, reserved 1048576K
}
Event: 1.781 GC heap before
{Heap before GC invocations=9 (full 2):
 PSYoungGen      total 28672K, used 28653K [0x00000000eab00000, 0x00000000ece00000, 0x0000000100000000)
  eden space 24064K, 100% used [0x00000000eab00000,0x00000000ec280000,0x00000000ec280000)
  from space 4608K, 99% used [0x00000000ec800000,0x00000000ecc7b608,0x00000000ecc80000)
  to   space 5632K, 0% used [0x00000000ec280000,0x00000000ec280000,0x00000000ec800000)
 ParOldGen       total 68608K, used 13456K [0x00000000c0000000, 0x00000000c4300000, 0x00000000eab00000)
  object space 68608K, 19% used [0x00000000c0000000,0x00000000c0d24358,0x00000000c4300000)
 Metaspace       used 35011K, capacity 37384K, committed 37632K, reserved 1083392K
  class space    used 3485K, capacity 4272K, committed 4352K, reserved 1048576K
}
Event: 1.786 GC heap after
{Heap after GC invocations=9 (full 2):
 PSYoungGen      total 29184K, used 5613K [0x00000000eab00000, 0x00000000ed100000, 0x0000000100000000)
  eden space 23552K, 0% used [0x00000000eab00000,0x00000000eab00000,0x00000000ec200000)
  from space 5632K, 99% used [0x00000000ec280000,0x00000000ec7fb5f8,0x00000000ec800000)
  to   space 7680K, 0% used [0x00000000ec980000,0x00000000ec980000,0x00000000ed100000)
 ParOldGen       total 68608K, used 14652K [0x00000000c0000000, 0x00000000c4300000, 0x00000000eab00000)
  object space 68608K, 21% used [0x00000000c0000000,0x00000000c0e4f3b0,0x00000000c4300000)
 Metaspace       used 35011K, capacity 37384K, committed 37632K, reserved 1083392K
  class space    used 3485K, capacity 4272K, committed 4352K, reserved 1048576K
}
Event: 1.814 GC heap before
{Heap before GC invocations=10 (full 2):
 PSYoungGen      total 29184K, used 29165K [0x00000000eab00000, 0x00000000ed100000, 0x0000000100000000)
  eden space 23552K, 100% used [0x00000000eab00000,0x00000000ec200000,0x00000000ec200000)
  from space 5632K, 99% used [0x00000000ec280000,0x00000000ec7fb5f8,0x00000000ec800000)
  to   space 7680K, 0% used [0x00000000ec980000,0x00000000ec980000,0x00000000ed100000)
 ParOldGen       total 68608K, used 14652K [0x00000000c0000000, 0x00000000c4300000, 0x00000000eab00000)
  object space 68608K, 21% used [0x00000000c0000000,0x00000000c0e4f3b0,0x00000000c4300000)
 Metaspace       used 35083K, capacity 37480K, committed 37632K, reserved 1083392K
  class space    used 3491K, capacity 4304K, committed 4352K, reserved 1048576K
}
Event: 1.821 GC heap after
{Heap after GC invocations=10 (full 2):
 PSYoungGen      total 30208K, used 7661K [0x00000000eab00000, 0x00000000ed280000, 0x0000000100000000)
  eden space 22528K, 0% used [0x00000000eab00000,0x00000000eab00000,0x00000000ec100000)
  from space 7680K, 99% used [0x00000000ec980000,0x00000000ed0fb608,0x00000000ed100000)
  to   space 8704K, 0% used [0x00000000ec100000,0x00000000ec100000,0x00000000ec980000)
 ParOldGen       total 68608K, used 15336K [0x00000000c0000000, 0x00000000c4300000, 0x00000000eab00000)
  object space 68608K, 22% used [0x00000000c0000000,0x00000000c0efa3d0,0x00000000c4300000)
 Metaspace       used 35083K, capacity 37480K, committed 37632K, reserved 1083392K
  class space    used 3491K, capacity 4304K, committed 4352K, reserved 1048576K
}
Event: 1.842 GC heap before
{Heap before GC invocations=11 (full 2):
 PSYoungGen      total 30208K, used 30189K [0x00000000eab00000, 0x00000000ed280000, 0x0000000100000000)
  eden space 22528K, 100% used [0x00000000eab00000,0x00000000ec100000,0x00000000ec100000)
  from space 7680K, 99% used [0x00000000ec980000,0x00000000ed0fb608,0x00000000ed100000)
  to   space 8704K, 0% used [0x00000000ec100000,0x00000000ec100000,0x00000000ec980000)
 ParOldGen       total 68608K, used 15336K [0x00000000c0000000, 0x00000000c4300000, 0x00000000eab00000)
  object space 68608K, 22% used [0x00000000c0000000,0x00000000c0efa3d0,0x00000000c4300000)
 Metaspace       used 35088K, capacity 37480K, committed 37632K, reserved 1083392K
  class space    used 3491K, capacity 4304K, committed 4352K, reserved 1048576K
}
Event: 1.849 GC heap after
{Heap after GC invocations=11 (full 2):
 PSYoungGen      total 28672K, used 6578K [0x00000000eab00000, 0x00000000ecf80000, 0x0000000100000000)
  eden space 22016K, 0% used [0x00000000eab00000,0x00000000eab00000,0x00000000ec080000)
  from space 6656K, 98% used [0x00000000ec100000,0x00000000ec76cb38,0x00000000ec780000)
  to   space 7680K, 0% used [0x00000000ec800000,0x00000000ec800000,0x00000000ecf80000)
 ParOldGen       total 68608K, used 18884K [0x00000000c0000000, 0x00000000c4300000, 0x00000000eab00000)
  object space 68608K, 27% used [0x00000000c0000000,0x00000000c1271078,0x00000000c4300000)
 Metaspace       used 35088K, capacity 37480K, committed 37632K, reserved 1083392K
  class space    used 3491K, capacity 4304K, committed 4352K, reserved 1048576K
}
Event: 1.876 GC heap before
{Heap before GC invocations=12 (full 2):
 PSYoungGen      total 28672K, used 28594K [0x00000000eab00000, 0x00000000ecf80000, 0x0000000100000000)
  eden space 22016K, 100% used [0x00000000eab00000,0x00000000ec080000,0x00000000ec080000)
  from space 6656K, 98% used [0x00000000ec100000,0x00000000ec76cb38,0x00000000ec780000)
  to   space 7680K, 0% used [0x00000000ec800000,0x00000000ec800000,0x00000000ecf80000)
 ParOldGen       total 68608K, used 18884K [0x00000000c0000000, 0x00000000c4300000, 0x00000000eab00000)
  object space 68608K, 27% used [0x00000000c0000000,0x00000000c1271078,0x00000000c4300000)
 Metaspace       used 35145K, capacity 37553K, committed 37632K, reserved 1083392K
  class space    used 3496K, capacity 4307K, committed 4352K, reserved 1048576K
}
Event: 1.883 GC heap after
{Heap after GC invocations=12 (full 2):
 PSYoungGen      total 27136K, used 5088K [0x00000000eab00000, 0x00000000ecd00000, 0x0000000100000000)
  eden space 22016K, 0% used [0x00000000eab00000,0x00000000eab00000,0x00000000ec080000)
  from space 5120K, 99% used [0x00000000ec800000,0x00000000eccf8010,0x00000000ecd00000)
  to   space 6144K, 0% used [0x00000000ec100000,0x00000000ec100000,0x00000000ec700000)
 ParOldGen       total 68608K, used 22917K [0x00000000c0000000, 0x00000000c4300000, 0x00000000eab00000)
  object space 68608K, 33% used [0x00000000c0000000,0x00000000c1661608,0x00000000c4300000)
 Metaspace       used 35145K, capacity 37553K, committed 37632K, reserved 1083392K
  class space    used 3496K, capacity 4307K, committed 4352K, reserved 1048576K
}
Event: 2.134 GC heap before
{Heap before GC invocations=13 (full 2):
 PSYoungGen      total 27136K, used 27104K [0x00000000eab00000, 0x00000000ecd00000, 0x0000000100000000)
  eden space 22016K, 100% used [0x00000000eab00000,0x00000000ec080000,0x00000000ec080000)
  from space 5120K, 99% used [0x00000000ec800000,0x00000000eccf8010,0x00000000ecd00000)
  to   space 6144K, 0% used [0x00000000ec100000,0x00000000ec100000,0x00000000ec700000)
 ParOldGen       total 68608K, used 22917K [0x00000000c0000000, 0x00000000c4300000, 0x00000000eab00000)
  object space 68608K, 33% used [0x00000000c0000000,0x00000000c1661608,0x00000000c4300000)
 Metaspace       used 38672K, capacity 41103K, committed 41472K, reserved 1085440K
  class space    used 3943K, capacity 4740K, committed 4864K, reserved 1048576K
}
Event: 2.152 GC heap after
{Heap after GC invocations=13 (full 2):
 PSYoungGen      total 23552K, used 1056K [0x00000000eab00000, 0x00000000ec880000, 0x0000000100000000)
  eden space 22016K, 0% used [0x00000000eab00000,0x00000000eab00000,0x00000000ec080000)
  from space 1536K, 68% used [0x00000000ec100000,0x00000000ec208000,0x00000000ec280000)
  to   space 3072K, 0% used [0x00000000ec580000,0x00000000ec580000,0x00000000ec880000)
 ParOldGen       total 68608K, used 27965K [0x00000000c0000000, 0x00000000c4300000, 0x00000000eab00000)
  object space 68608K, 40% used [0x00000000c0000000,0x00000000c1b4f618,0x00000000c4300000)
 Metaspace       used 38672K, capacity 41103K, committed 41472K, reserved 1085440K
  class space    used 3943K, capacity 4740K, committed 4864K, reserved 1048576K
}

